{"uuid":"24eb9dc1-1759-4a0b-9ea1-21212b86a4e6","historyId":"50ba91e780ae5124e0a8084ccc1fe9fd","testCaseId":"ca30a5d88975685e806eace272bbb359","fullName":"src/test/resources/features/array.feature:16","labels":[{"name":"host","value":"Poonam"},{"name":"thread","value":"30228@Poonam.main(1)"},{"name":"feature","value":"Array Page Functionality"},{"name":"story","value":"Execute Python code in Try Editor"},{"name":"suite","value":"Array Page Functionality"},{"name":"testClass","value":"Execute Python code in Try Editor"},{"name":"framework","value":"cucumber4jvm"},{"name":"language","value":"java"},{"name":"gherkin_uri","value":"file:///C:/Users/Poona/Workspace/CucumberDsAlgo/Cucumber/src/test/resources/features/array.feature"},{"name":"package","value":"src.test.resources.features.array_feature.Array Page Functionality"}],"links":[],"name":"Execute Python code in Try Editor","status":"skipped","statusDetails":{"known":false,"muted":false,"flaky":false,"message":"TODO: implement me","trace":"io.cucumber.java.PendingException: TODO: implement me\r\n\tat stepDefinitions.StackStepDefnitions.the_user_is_on_the_ds_algo_home_page(StackStepDefnitions.java:11)\r\n\tat ✽.The user is on the DS Algo Home Page(file:///C:/Users/Poona/Workspace/CucumberDsAlgo/Cucumber/src/test/resources/features/array.feature:3)\r\n"},"stage":"finished","steps":[{"name":"Given The user is on the DS Algo Home Page","status":"skipped","statusDetails":{"known":false,"muted":false,"flaky":false,"message":"TODO: implement me","trace":"io.cucumber.java.PendingException: TODO: implement me\r\n\tat stepDefinitions.StackStepDefnitions.the_user_is_on_the_ds_algo_home_page(StackStepDefnitions.java:11)\r\n\tat ✽.The user is on the DS Algo Home Page(file:///C:/Users/Poona/Workspace/CucumberDsAlgo/Cucumber/src/test/resources/features/array.feature:3)\r\n"},"stage":"finished","steps":[],"attachments":[],"parameters":[],"start":1744328431693,"stop":1744328431695},{"name":"When The user navigates to \"Array\" page from the home page","status":"skipped","statusDetails":{"known":false,"muted":false,"flaky":false},"stage":"finished","steps":[],"attachments":[],"parameters":[],"start":1744328431696,"stop":1744328431696},{"name":"Given The user is on the Try Editor page","status":"skipped","statusDetails":{"known":false,"muted":false,"flaky":false},"stage":"finished","steps":[],"attachments":[],"parameters":[],"start":1744328431697,"stop":1744328431697},{"name":"When The user enters valid Python code and Clicks on the Run button","status":"skipped","statusDetails":{"known":false,"muted":false,"flaky":false},"stage":"finished","steps":[],"attachments":[],"parameters":[],"start":1744328431697,"stop":1744328431698},{"name":"Then The output should display \"Array test successful\"","status":"skipped","statusDetails":{"known":false,"muted":false,"flaky":false},"stage":"finished","steps":[],"attachments":[],"parameters":[],"start":1744328431698,"stop":1744328431699}],"attachments":[],"parameters":[],"start":1744328431693,"stop":1744328431699}