<?xml version="1.0" encoding="UTF-8"?>
<testng-results ignored="0" total="0" passed="0" failed="0" skipped="0">
  <reporter-output>
  </reporter-output>
  <suite started-at="2025-04-19T11:11:25 CDT" name="ParallelExecutionSuite" finished-at="2025-04-19T11:11:25 CDT" duration-ms="25">
    <groups>
    </groups>
    <test started-at="2025-04-19T11:11:25 CDT" name="ChromeTest" finished-at="2025-04-19T11:11:25 CDT" duration-ms="25">
    </test> <!-- ChromeTest -->
  </suite> <!-- ParallelExecutionSuite -->
</testng-results>
